<?xml version="1.0" encoding="UTF-8" ?>
<testsuite failures="0" time="0.016" errors="0" skipped="0" tests="6" name="com.bartley.tenpinbowling.scorecard.ScoreCardImplTest">
  <properties>
    <property name="java.runtime.name" value="Java(TM) SE Runtime Environment"/>
    <property name="sun.boot.library.path" value="C:\Program Files\Java\jdk1.7.0_02\jre\bin"/>
    <property name="java.vm.version" value="22.0-b10"/>
    <property name="user.country.format" value="GB"/>
    <property name="java.vm.vendor" value="Oracle Corporation"/>
    <property name="java.vendor.url" value="http://java.oracle.com/"/>
    <property name="path.separator" value=";"/>
    <property name="guice.disable.misplaced.annotation.check" value="true"/>
    <property name="java.vm.name" value="Java HotSpot(TM) Client VM"/>
    <property name="file.encoding.pkg" value="sun.io"/>
    <property name="user.script" value=""/>
    <property name="user.country" value="US"/>
    <property name="sun.java.launcher" value="SUN_STANDARD"/>
    <property name="sun.os.patch.level" value="Service Pack 1"/>
    <property name="java.vm.specification.name" value="Java Virtual Machine Specification"/>
    <property name="user.dir" value="C:\Users\Tony\git\latestRepos\ten-pin-bowling"/>
    <property name="java.runtime.version" value="1.7.0_02-b13"/>
    <property name="java.awt.graphicsenv" value="sun.awt.Win32GraphicsEnvironment"/>
    <property name="java.endorsed.dirs" value="C:\Program Files\Java\jdk1.7.0_02\jre\lib\endorsed"/>
    <property name="os.arch" value="x86"/>
    <property name="java.io.tmpdir" value="C:\Users\Tony\AppData\Local\Temp\"/>
    <property name="line.separator" value="
"/>
    <property name="java.vm.specification.vendor" value="Oracle Corporation"/>
    <property name="user.variant" value=""/>
    <property name="os.name" value="Windows 7"/>
    <property name="classworlds.conf" value="C:\Users\Tony\Documents\workspace-sts-3.4.0.RELEASE\.metadata\.plugins\org.eclipse.m2e.launching\launches\m2conf1455085622327759207.tmp"/>
    <property name="sun.jnu.encoding" value="Cp1252"/>
    <property name="java.library.path" value="C:\Program Files\Java\jdk1.7.0_02\bin;C:\Windows\Sun\Java\bin;C:\Windows\system32;C:\Windows;C:\Program Files\IBM\WebSphere\AppClient\bin;C:\Program Files\IBM\WebSphere\AppClient\java\jre\bin;C:\Program Files\IBM\WebSphere\AppClient\java\jre\bin\j9vm;C:\Program Files\PC Connectivity Solution\;C:\Program Files\Common Files\Microsoft Shared\Microsoft Online Services;C:\Program Files\Common Files\Microsoft Shared\Windows Live;C:\Windows\system32;C:\Windows;C:\Windows\System32\Wbem;C:\Program Files\EgisTec\MyWinLocker 3\x86;C:\Program Files\EgisTec\MyWinLocker 3\x64;C:\Windows\System32\WindowsPowerShell\v1.0\;C:\Program Files\Mercurial\;C:\Program Files\Windows Live\Shared;C:\Program Files\MATLAB\R2010a\runtime\win32;C:\Program Files\MATLAB\R2010a\bin;c:\Program Files\Microsoft SQL Server\100\Tools\Binn\;c:\Program Files\Microsoft SQL Server\100\DTS\Binn\;C:\apps\apache-ant-1.8.2\bin;C:\apps\xalan-j_2_7_1-bin-2jars\xalan-j_2_7_1;C:\apps\bsf-bin-2.4.0\bsf-2.4.0\lib;C:\apps\apache-maven-3.0.4\bin;C:\apps\hsqldb-2.2.8\hsqldb\lib;C:\apps\apache-maven-3.0.4\bin;C:\Program Files\Subversion\bin;C:\apps\gradle-1.0-milestone-9\bin;C:\Program Files\Groovy\Groovy-1.8.6\bin;C:\Program Files\Groovy\Groovy-1.8.6\bin ;C:\Program Files\MySQL\MySQL Server 5.5\bin;C:\Program Files\Python32;C:\Program Files\Android\android-sdk\platform-tools;C:\apps\android-sdk\tools;C:\Windows\twain_32;C:\Program Files\Git\cmd;C:\Program Files\QuickTime\QTSystem\;."/>
    <property name="java.specification.name" value="Java Platform API Specification"/>
    <property name="java.class.version" value="51.0"/>
    <property name="sun.management.compiler" value="HotSpot Client Compiler"/>
    <property name="os.version" value="6.1"/>
    <property name="user.home" value="C:\Users\Tony"/>
    <property name="user.timezone" value="Europe/London"/>
    <property name="java.awt.printerjob" value="sun.awt.windows.WPrinterJob"/>
    <property name="java.specification.version" value="1.7"/>
    <property name="file.encoding" value="Cp1252"/>
    <property name="user.name" value="Tony"/>
    <property name="java.class.path" value="/C:/apps/springsource/sts-3.4.0.RELEASE/configuration/org.eclipse.osgi/bundles/578/1/.cp/jars/plexus-classworlds-2.4.jar"/>
    <property name="java.vm.specification.version" value="1.7"/>
    <property name="sun.arch.data.model" value="32"/>
    <property name="java.home" value="C:\Program Files\Java\jdk1.7.0_02\jre"/>
    <property name="sun.java.command" value="org.codehaus.plexus.classworlds.launcher.Launcher -B -s C:\Users\Tony\.m2\settings.xml integration-test"/>
    <property name="java.specification.vendor" value="Oracle Corporation"/>
    <property name="user.language" value="en"/>
    <property name="awt.toolkit" value="sun.awt.windows.WToolkit"/>
    <property name="java.vm.info" value="mixed mode, sharing"/>
    <property name="java.version" value="1.7.0_02"/>
    <property name="java.ext.dirs" value="C:\Program Files\Java\jdk1.7.0_02\jre\lib\ext;C:\Windows\Sun\Java\lib\ext"/>
    <property name="sun.boot.class.path" value="C:\Program Files\Java\jdk1.7.0_02\jre\lib\resources.jar;C:\Program Files\Java\jdk1.7.0_02\jre\lib\rt.jar;C:\Program Files\Java\jdk1.7.0_02\jre\lib\sunrsasign.jar;C:\Program Files\Java\jdk1.7.0_02\jre\lib\jsse.jar;C:\Program Files\Java\jdk1.7.0_02\jre\lib\jce.jar;C:\Program Files\Java\jdk1.7.0_02\jre\lib\charsets.jar;C:\Program Files\Java\jdk1.7.0_02\jre\classes"/>
    <property name="java.vendor" value="Oracle Corporation"/>
    <property name="maven.home" value="C:\Users\Tony\git\latestRepos\ten-pin-bowling\EMBEDDED"/>
    <property name="file.separator" value="\"/>
    <property name="java.vendor.url.bug" value="http://bugreport.sun.com/bugreport/"/>
    <property name="maven.bootclasspath" value="/C:/apps/springsource/sts-3.4.0.RELEASE/configuration/org.eclipse.osgi/bundles/578/1/.cp/jars/plexus-classworlds-2.4.jar"/>
    <property name="sun.cpu.endian" value="little"/>
    <property name="sun.io.unicode.encoding" value="UnicodeLittle"/>
    <property name="sun.desktop" value="windows"/>
    <property name="sun.cpu.isalist" value="pentium_pro+mmx pentium_pro pentium+mmx pentium i486 i386 i86"/>
  </properties>
  <testcase time="0" classname="com.bartley.tenpinbowling.scorecard.ScoreCardImplTest" name="processNonFrame102ndRollSpareTest"/>
  <testcase time="0" classname="com.bartley.tenpinbowling.scorecard.ScoreCardImplTest" name="testStrikeWithStrike1framesLater"/>
  <testcase time="0" classname="com.bartley.tenpinbowling.scorecard.ScoreCardImplTest" name="testStrikeWithStrike2framesLater"/>
  <testcase time="0" classname="com.bartley.tenpinbowling.scorecard.ScoreCardImplTest" name="processFrame102ndRollSpareTest"/>
  <testcase time="0.008" classname="com.bartley.tenpinbowling.scorecard.ScoreCardImplTest" name="processMaxScoreTest"/>
  <testcase time="0.008" classname="com.bartley.tenpinbowling.scorecard.ScoreCardImplTest" name="processMaxScoreTest10thFrame"/>
</testsuite>